<?xml version="1.0" encoding="UTF-8"?>
<!-- Generated by org.testng.reporters.JUnitReportReporter -->
<testsuite hostname="user-PC" failures="0" tests="1" name="SeleniumWebDriver.Topic09_01_Button_and_DefaulCheckBox" time="14.035" errors="0" timestamp="15 8æœˆ 2021 14:12:25 GMT" skipped="0">
  <testcase classname="SeleniumWebDriver.Topic09_01_Button_and_DefaulCheckBox" name="Tc_03_checkbox_default" time="14.035"/>
</testsuite> <!-- SeleniumWebDriver.Topic09_01_Button_and_DefaulCheckBox -->
