<?xml version="1.0" encoding="UTF-8"?>
<!-- Generated by org.testng.reporters.JUnitReportReporter -->
<testsuite hostname="user-PC" failures="0" tests="1" name="SeleniumWebDriver.Topic09_02_Button_and_CustomCheckBox" time="37.091" errors="0" timestamp="26 8æœˆ 2021 16:01:30 GMT" skipped="0">
  <testcase classname="SeleniumWebDriver.Topic09_02_Button_and_CustomCheckBox" name="TC_04_custom_googledoc" time="37.091"/>
</testsuite> <!-- SeleniumWebDriver.Topic09_02_Button_and_CustomCheckBox -->
