<?xml version="1.0" encoding="UTF-8"?>
<!-- Generated by org.testng.reporters.JUnitReportReporter -->
<testsuite hostname="user-PC" failures="0" tests="1" name="SeleniumWebDriver.Topic06_Web_Element" time="2.246" errors="0" timestamp="03 8æœˆ 2021 15:27:35 GMT" skipped="0">
  <testcase classname="SeleniumWebDriver.Topic06_Web_Element" name="TC_03_isSelected" time="2.246"/>
</testsuite> <!-- SeleniumWebDriver.Topic06_Web_Element -->
