<?xml version="1.0" encoding="UTF-8"?>
<!-- Generated by org.testng.reporters.JUnitReportReporter -->
<testsuite hostname="user-PC" failures="0" tests="1" name="SeleniumWebDriver.X01_Practice_jquery" time="2.320" errors="0" timestamp="26 8æœˆ 2021 16:24:07 GMT" skipped="0">
  <testcase classname="SeleniumWebDriver.X01_Practice_jquery" name="TC_01_Basic" time="2.320"/>
</testsuite> <!-- SeleniumWebDriver.X01_Practice_jquery -->
