<?xml version="1.0" encoding="UTF-8"?>
<!-- Generated by org.testng.reporters.JUnitReportReporter -->
<testsuite hostname="user-PC" failures="0" tests="1" name="SeleniumWebDriver.Topic08_TC02_Dropdown_List_02_BaiTap" time="4.816" errors="0" timestamp="06 8æœˆ 2021 15:45:10 GMT" skipped="0">
  <testcase classname="SeleniumWebDriver.Topic08_TC02_Dropdown_List_02_BaiTap" name="TC_01_Chon_item" time="4.816"/>
</testsuite> <!-- SeleniumWebDriver.Topic08_TC02_Dropdown_List_02_BaiTap -->
