<?xml version="1.0" encoding="UTF-8"?>
<!-- Generated by org.testng.reporters.JUnitReportReporter -->
<testsuite hostname="user-PC" failures="0" tests="1" name="SeleniumWebDriver.Topic06_Web_Element_TC04_MailChimp" time="3.192" errors="0" timestamp="03 8æœˆ 2021 16:33:46 GMT" skipped="0">
  <testcase classname="SeleniumWebDriver.Topic06_Web_Element_TC04_MailChimp" name="TC_04_MailChimp" time="3.192"/>
</testsuite> <!-- SeleniumWebDriver.Topic06_Web_Element_TC04_MailChimp -->
