<?xml version="1.0" encoding="UTF-8"?>
<!-- Generated by org.testng.reporters.JUnitReportReporter -->
<testsuite hostname="user-PC" failures="0" tests="1" name="SeleniumWebDriver.Topic08_TC02_Dropdown_List" time="8.162" errors="0" timestamp="06 8æœˆ 2021 16:29:12 GMT" skipped="0">
  <testcase classname="SeleniumWebDriver.Topic08_TC02_Dropdown_List" name="TC_02_Baitap" time="8.162"/>
</testsuite> <!-- SeleniumWebDriver.Topic08_TC02_Dropdown_List -->
