<?xml version="1.0" encoding="UTF-8"?>
<!-- Generated by org.testng.reporters.JUnitReportReporter -->
<testsuite hostname="user-PC" failures="0" tests="1" name="practice.demoguru99" time="15.137" errors="0" timestamp="27 8æœˆ 2021 13:29:46 GMT" skipped="0">
  <testcase classname="practice.demoguru99" name="TC_01_Basic" time="15.137"/>
</testsuite> <!-- practice.demoguru99 -->
