<?xml version="1.0" encoding="UTF-8"?>
<!-- Generated by org.testng.reporters.JUnitReportReporter -->
<testsuite hostname="user-PC" failures="0" tests="1" name="SeleniumWebDriver.Topic08_TC02_Dropdown_List_Custom" time="3.732" errors="0" timestamp="08 8æœˆ 2021 09:35:07 GMT" skipped="0">
  <testcase classname="SeleniumWebDriver.Topic08_TC02_Dropdown_List_Custom" name="TC_01_JQuery" time="3.732"/>
</testsuite> <!-- SeleniumWebDriver.Topic08_TC02_Dropdown_List_Custom -->
