<?xml version="1.0" encoding="UTF-8"?>
<!-- Generated by org.testng.reporters.JUnitReportReporter -->
<testsuite hostname="user-PC" failures="0" tests="1" name="SeleniumWebDriver.Topic08_01_Dropdown_List_Default" time="5.637" errors="0" timestamp="16 8æœˆ 2021 15:11:18 GMT" skipped="0">
  <testcase classname="SeleniumWebDriver.Topic08_01_Dropdown_List_Default" name="TC_01_LyThuyet" time="5.637"/>
</testsuite> <!-- SeleniumWebDriver.Topic08_01_Dropdown_List_Default -->
